-------------------------------------------------------------------------------
Test set: com.jr.starbux.StarbuxApplicationTests
-------------------------------------------------------------------------------
Tests run: 1, Failures: 0, Errors: 1, Skipped: 0, Time elapsed: 4.595 s <<< FAILURE! - in com.jr.starbux.StarbuxApplicationTests
contextLoads  Time elapsed: 0.001 s  <<< ERROR!
java.lang.IllegalStateException: Failed to load ApplicationContext
Caused by: org.springframework.beans.factory.UnsatisfiedDependencyException: Error creating bean with name 'drinkController': Unsatisfied dependency expressed through field 'service'; nested exception is org.springframework.beans.factory.UnsatisfiedDependencyException: Error creating bean with name 'drinkService': Unsatisfied dependency expressed through field 'repository'; nested exception is org.springframework.beans.factory.BeanCreationException: Error creating bean with name 'drinkRepository' defined in com.jr.starbux.repository.DrinkRepository defined in @EnableJpaRepositories declared on JpaRepositoriesRegistrar.EnableJpaRepositoriesConfiguration: Invocation of init method failed; nested exception is org.springframework.data.repository.query.QueryCreationException: Could not create query for public abstract java.util.List com.jr.starbux.repository.DrinkRepository.findAllActivedDrinks()! Reason: Validation failed for query for method public abstract java.util.List com.jr.starbux.repository.DrinkRepository.findAllActivedDrinks()!; nested exception is java.lang.IllegalArgumentException: Validation failed for query for method public abstract java.util.List com.jr.starbux.repository.DrinkRepository.findAllActivedDrinks()!
Caused by: org.springframework.beans.factory.UnsatisfiedDependencyException: Error creating bean with name 'drinkService': Unsatisfied dependency expressed through field 'repository'; nested exception is org.springframework.beans.factory.BeanCreationException: Error creating bean with name 'drinkRepository' defined in com.jr.starbux.repository.DrinkRepository defined in @EnableJpaRepositories declared on JpaRepositoriesRegistrar.EnableJpaRepositoriesConfiguration: Invocation of init method failed; nested exception is org.springframework.data.repository.query.QueryCreationException: Could not create query for public abstract java.util.List com.jr.starbux.repository.DrinkRepository.findAllActivedDrinks()! Reason: Validation failed for query for method public abstract java.util.List com.jr.starbux.repository.DrinkRepository.findAllActivedDrinks()!; nested exception is java.lang.IllegalArgumentException: Validation failed for query for method public abstract java.util.List com.jr.starbux.repository.DrinkRepository.findAllActivedDrinks()!
Caused by: org.springframework.beans.factory.BeanCreationException: Error creating bean with name 'drinkRepository' defined in com.jr.starbux.repository.DrinkRepository defined in @EnableJpaRepositories declared on JpaRepositoriesRegistrar.EnableJpaRepositoriesConfiguration: Invocation of init method failed; nested exception is org.springframework.data.repository.query.QueryCreationException: Could not create query for public abstract java.util.List com.jr.starbux.repository.DrinkRepository.findAllActivedDrinks()! Reason: Validation failed for query for method public abstract java.util.List com.jr.starbux.repository.DrinkRepository.findAllActivedDrinks()!; nested exception is java.lang.IllegalArgumentException: Validation failed for query for method public abstract java.util.List com.jr.starbux.repository.DrinkRepository.findAllActivedDrinks()!
Caused by: org.springframework.data.repository.query.QueryCreationException: Could not create query for public abstract java.util.List com.jr.starbux.repository.DrinkRepository.findAllActivedDrinks()! Reason: Validation failed for query for method public abstract java.util.List com.jr.starbux.repository.DrinkRepository.findAllActivedDrinks()!; nested exception is java.lang.IllegalArgumentException: Validation failed for query for method public abstract java.util.List com.jr.starbux.repository.DrinkRepository.findAllActivedDrinks()!
Caused by: java.lang.IllegalArgumentException: Validation failed for query for method public abstract java.util.List com.jr.starbux.repository.DrinkRepository.findAllActivedDrinks()!
Caused by: java.lang.IllegalArgumentException: org.hibernate.QueryException: could not resolve property: active of: com.jr.starbux.model.Drink [select d from com.jr.starbux.model.Drink d where d.active = true]
Caused by: org.hibernate.QueryException: could not resolve property: active of: com.jr.starbux.model.Drink [select d from com.jr.starbux.model.Drink d where d.active = true]
Caused by: org.hibernate.QueryException: could not resolve property: active of: com.jr.starbux.model.Drink

