<?xml version="1.0" encoding="UTF-8"?>
<testsuite xmlns:xsi="http://www.w3.org/2001/XMLSchema-instance" xsi:noNamespaceSchemaLocation="https://maven.apache.org/surefire/maven-surefire-plugin/xsd/surefire-test-report.xsd" name="com.jr.starbux.controller.integration.OrderControllerTest" time="6.267" tests="3" errors="1" skipped="0" failures="0">
  <properties>
[...]
</properties>
  <testcase name="shouldReturn404ErrorWithOrderDontExist" classname="com.jr.starbux.controller.integration.OrderControllerTest" time="0.324"/>
  <testcase name="shouldGetAllOrdersAndReturnStatusOK" classname="com.jr.starbux.controller.integration.OrderControllerTest" time="0.107">
    <error message="Error while extracting response for type [class java.util.ArrayList] and content type [application/json]; nested exception is org.springframework.http.converter.HttpMessageNotReadableException: JSON parse error: Unexpected character (&apos;}&apos; (code 125)): expected a value; nested exception is com.fasterxml.jackson.databind.JsonMappingException: Unexpected character (&apos;}&apos; (code 125)): expected a value&#10; at [Source: (PushbackInputStream); line: 1, column: 57542] (through reference chain: java.util.ArrayList[0])" type="org.springframework.web.client.RestClientException">org.springframework.web.client.RestClientException: 
Error while extracting response for type [class java.util.ArrayList] and content type [application/json]; nested exception is org.springframework.http.converter.HttpMessageNotReadableException: JSON parse error: Unexpected character ('}' (code 125)): expected a value; nested exception is com.fasterxml.jackson.databind.JsonMappingException: Unexpected character ('}' (code 125)): expected a value
 at [Source: (PushbackInputStream); line: 1, column: 57542] (through reference chain: java.util.ArrayList[0])
	at com.jr.starbux.controller.integration.OrderControllerTest.shouldGetAllOrdersAndReturnStatusOK(OrderControllerTest.java:29)
Caused by: org.springframework.http.converter.HttpMessageNotReadableException: 
JSON parse error: Unexpected character ('}' (code 125)): expected a value; nested exception is com.fasterxml.jackson.databind.JsonMappingException: Unexpected character ('}' (code 125)): expected a value
 at [Source: (PushbackInputStream); line: 1, column: 57542] (through reference chain: java.util.ArrayList[0])
	at com.jr.starbux.controller.integration.OrderControllerTest.shouldGetAllOrdersAndReturnStatusOK(OrderControllerTest.java:29)
Caused by: com.fasterxml.jackson.databind.JsonMappingException: 
Unexpected character ('}' (code 125)): expected a value
 at [Source: (PushbackInputStream); line: 1, column: 57542] (through reference chain: java.util.ArrayList[0])
	at com.jr.starbux.controller.integration.OrderControllerTest.shouldGetAllOrdersAndReturnStatusOK(OrderControllerTest.java:29)
Caused by: com.fasterxml.jackson.core.JsonParseException: 
Unexpected character ('}' (code 125)): expected a value
 at [Source: (PushbackInputStream); line: 1, column: 57542]
</error>
    <system-out><![CDATA[2021-09-12 20:50:29.284  INFO 27444 --- [o-auto-1-exec-2] c.j.s.c.BaseViewAndCreateController      : Method findAll called
Hibernate: select order0_.id as id1_4_, order0_.active as active2_4_, order0_.address as address3_4_, order0_.client_id as client_i4_4_, order0_.date_time as date_tim5_4_, order0_.discount as discount6_4_ from sb_order order0_ where order0_.active=1
Hibernate: select client0_.id as id1_0_0_, client0_.active as active2_0_0_, client0_.email as email3_0_0_, client0_.name as name4_0_0_ from client client0_ where client0_.id=?
Hibernate: select order0_.order_id as order_id5_2_0_, order0_.id as id1_2_0_, order0_.id as id1_2_1_, order0_.active as active2_2_1_, order0_.drink_id as drink_id3_2_1_, order0_.drink_unit_price as drink_un4_2_1_, order0_.order_id as order_id5_2_1_, drink1_.id as id1_1_2_, drink1_.active as active2_1_2_, drink1_.name as name3_1_2_, drink1_.price as price4_1_2_ from order_drink order0_ inner join drink drink1_ on order0_.drink_id=drink1_.id where order0_.order_id=?
Hibernate: select toppings0_.order_drink_id as order_dr4_3_0_, toppings0_.id as id1_3_0_, toppings0_.id as id1_3_1_, toppings0_.active as active2_3_1_, toppings0_.drink_id as drink_id3_3_1_, toppings0_.order_drink_id as order_dr4_3_1_, toppings0_.order_id as order_id5_3_1_, toppings0_.topping_id as topping_6_3_1_, toppings0_.topping_unit_price as topping_7_3_1_, topping1_.id as id1_5_2_, topping1_.active as active2_5_2_, topping1_.name as name3_5_2_, topping1_.price as price4_5_2_ from order_drink_topping toppings0_ inner join topping topping1_ on toppings0_.topping_id=topping1_.id where toppings0_.order_drink_id=?
Hibernate: select order0_.order_id as order_id5_2_0_, order0_.id as id1_2_0_, order0_.id as id1_2_1_, order0_.active as active2_2_1_, order0_.drink_id as drink_id3_2_1_, order0_.drink_unit_price as drink_un4_2_1_, order0_.order_id as order_id5_2_1_, drink1_.id as id1_1_2_, drink1_.active as active2_1_2_, drink1_.name as name3_1_2_, drink1_.price as price4_1_2_ from order_drink order0_ inner join drink drink1_ on order0_.drink_id=drink1_.id where order0_.order_id=?
Hibernate: select toppings0_.order_drink_id as order_dr4_3_0_, toppings0_.id as id1_3_0_, toppings0_.id as id1_3_1_, toppings0_.active as active2_3_1_, toppings0_.drink_id as drink_id3_3_1_, toppings0_.order_drink_id as order_dr4_3_1_, toppings0_.order_id as order_id5_3_1_, toppings0_.topping_id as topping_6_3_1_, toppings0_.topping_unit_price as topping_7_3_1_, topping1_.id as id1_5_2_, topping1_.active as active2_5_2_, topping1_.name as name3_5_2_, topping1_.price as price4_5_2_ from order_drink_topping toppings0_ inner join topping topping1_ on toppings0_.topping_id=topping1_.id where toppings0_.order_drink_id=?
Hibernate: select toppings0_.order_drink_id as order_dr4_3_0_, toppings0_.id as id1_3_0_, toppings0_.id as id1_3_1_, toppings0_.active as active2_3_1_, toppings0_.drink_id as drink_id3_3_1_, toppings0_.order_drink_id as order_dr4_3_1_, toppings0_.order_id as order_id5_3_1_, toppings0_.topping_id as topping_6_3_1_, toppings0_.topping_unit_price as topping_7_3_1_, topping1_.id as id1_5_2_, topping1_.active as active2_5_2_, topping1_.name as name3_5_2_, topping1_.price as price4_5_2_ from order_drink_topping toppings0_ inner join topping topping1_ on toppings0_.topping_id=topping1_.id where toppings0_.order_drink_id=?
Hibernate: select toppings0_.order_drink_id as order_dr4_3_0_, toppings0_.id as id1_3_0_, toppings0_.id as id1_3_1_, toppings0_.active as active2_3_1_, toppings0_.drink_id as drink_id3_3_1_, toppings0_.order_drink_id as order_dr4_3_1_, toppings0_.order_id as order_id5_3_1_, toppings0_.topping_id as topping_6_3_1_, toppings0_.topping_unit_price as topping_7_3_1_, topping1_.id as id1_5_2_, topping1_.active as active2_5_2_, topping1_.name as name3_5_2_, topping1_.price as price4_5_2_ from order_drink_topping toppings0_ inner join topping topping1_ on toppings0_.topping_id=topping1_.id where toppings0_.order_drink_id=?
]]></system-out>
  </testcase>
  <testcase name="shouldPostCreateNewOrder" classname="com.jr.starbux.controller.integration.OrderControllerTest" time="0.134"/>
</testsuite>