<?xml version="1.0" encoding="UTF-8"?>
<testsuite xmlns:xsi="http://www.w3.org/2001/XMLSchema-instance" xsi:noNamespaceSchemaLocation="https://maven.apache.org/surefire/maven-surefire-plugin/xsd/surefire-test-report.xsd" name="com.jr.starbux.service.DrinkServiceTest" time="5.324" tests="5" errors="1" skipped="0" failures="0">
  <properties>
[...]
</properties>
  <testcase name="shouldUpdateSpecificDrink" classname="com.jr.starbux.service.DrinkServiceTest" time="0.165">
    <error message="Object not found." type="com.jr.starbux.exceptions.ObjectNotFoundException">com.jr.starbux.exceptions.ObjectNotFoundException: Object not found.
	at com.jr.starbux.service.DrinkServiceTest.shouldUpdateSpecificDrink(DrinkServiceTest.java:22)
</error>
    <system-out><![CDATA[20:50:58.922 [main] DEBUG org.springframework.test.context.BootstrapUtils - Instantiating CacheAwareContextLoaderDelegate from class [org.springframework.test.context.cache.DefaultCacheAwareContextLoaderDelegate]
20:50:58.929 [main] DEBUG org.springframework.test.context.BootstrapUtils - Instantiating BootstrapContext using constructor [public org.springframework.test.context.support.DefaultBootstrapContext(java.lang.Class,org.springframework.test.context.CacheAwareContextLoaderDelegate)]
20:50:58.953 [main] DEBUG org.springframework.test.context.BootstrapUtils - Instantiating TestContextBootstrapper for test class [com.jr.starbux.service.DrinkServiceTest] from class [org.springframework.boot.test.context.SpringBootTestContextBootstrapper]
20:50:58.960 [main] INFO org.springframework.boot.test.context.SpringBootTestContextBootstrapper - Neither @ContextConfiguration nor @ContextHierarchy found for test class [com.jr.starbux.service.DrinkServiceTest], using SpringBootContextLoader
20:50:58.963 [main] DEBUG org.springframework.test.context.support.AbstractContextLoader - Did not detect default resource location for test class [com.jr.starbux.service.DrinkServiceTest]: class path resource [com/jr/starbux/service/DrinkServiceTest-context.xml] does not exist
20:50:58.963 [main] DEBUG org.springframework.test.context.support.AbstractContextLoader - Did not detect default resource location for test class [com.jr.starbux.service.DrinkServiceTest]: class path resource [com/jr/starbux/service/DrinkServiceTestContext.groovy] does not exist
20:50:58.963 [main] INFO org.springframework.test.context.support.AbstractContextLoader - Could not detect default resource locations for test class [com.jr.starbux.service.DrinkServiceTest]: no resource found for suffixes {-context.xml, Context.groovy}.
20:50:58.963 [main] INFO org.springframework.test.context.support.AnnotationConfigContextLoaderUtils - Could not detect default configuration classes for test class [com.jr.starbux.service.DrinkServiceTest]: DrinkServiceTest does not declare any static, non-private, non-final, nested classes annotated with @Configuration.
20:50:58.992 [main] DEBUG org.springframework.test.context.support.ActiveProfilesUtils - Could not find an 'annotation declaring class' for annotation type [org.springframework.test.context.ActiveProfiles] and class [com.jr.starbux.service.DrinkServiceTest]
20:50:59.040 [main] DEBUG org.springframework.context.annotation.ClassPathScanningCandidateComponentProvider - Identified candidate component class: file [C:\Users\Jeremy\Documents\GitHub\starbux\target\classes\com\jr\starbux\StarbuxApplication.class]
20:50:59.041 [main] INFO org.springframework.boot.test.context.SpringBootTestContextBootstrapper - Found @SpringBootConfiguration com.jr.starbux.StarbuxApplication for test class com.jr.starbux.service.DrinkServiceTest
20:50:59.114 [main] DEBUG org.springframework.boot.test.context.SpringBootTestContextBootstrapper - @TestExecutionListeners is not present for class [com.jr.starbux.service.DrinkServiceTest]: using defaults.
20:50:59.114 [main] INFO org.springframework.boot.test.context.SpringBootTestContextBootstrapper - Loaded default TestExecutionListener class names from location [META-INF/spring.factories]: [org.springframework.test.context.web.ServletTestExecutionListener, org.springframework.test.context.support.DirtiesContextBeforeModesTestExecutionListener, org.springframework.test.context.event.ApplicationEventsTestExecutionListener, org.springframework.test.context.support.DependencyInjectionTestExecutionListener, org.springframework.test.context.support.DirtiesContextTestExecutionListener, org.springframework.test.context.transaction.TransactionalTestExecutionListener, org.springframework.test.context.jdbc.SqlScriptsTestExecutionListener, org.springframework.test.context.event.EventPublishingTestExecutionListener, org.springframework.boot.test.mock.mockito.MockitoTestExecutionListener, org.springframework.boot.test.mock.mockito.ResetMocksTestExecutionListener, org.springframework.boot.test.autoconfigure.restdocs.RestDocsTestExecutionListener, org.springframework.boot.test.autoconfigure.web.client.MockRestServiceServerResetTestExecutionListener, org.springframework.boot.test.autoconfigure.web.servlet.MockMvcPrintOnlyOnFailureTestExecutionListener, org.springframework.boot.test.autoconfigure.web.servlet.WebDriverTestExecutionListener, org.springframework.boot.test.autoconfigure.webservices.client.MockWebServiceServerTestExecutionListener]
20:50:59.126 [main] INFO org.springframework.boot.test.context.SpringBootTestContextBootstrapper - Using TestExecutionListeners: [org.springframework.test.context.web.ServletTestExecutionListener@20f12539, org.springframework.test.context.support.DirtiesContextBeforeModesTestExecutionListener@75b25825, org.springframework.test.context.event.ApplicationEventsTestExecutionListener@18025ced, org.springframework.boot.test.mock.mockito.MockitoTestExecutionListener@13cf7d52, org.springframework.boot.test.autoconfigure.SpringBootDependencyInjectionTestExecutionListener@3a3e4aff, org.springframework.test.context.support.DirtiesContextTestExecutionListener@5d2a4eed, org.springframework.test.context.transaction.TransactionalTestExecutionListener@57459491, org.springframework.test.context.jdbc.SqlScriptsTestExecutionListener@3f0846c6, org.springframework.test.context.event.EventPublishingTestExecutionListener@77a98a6a, org.springframework.boot.test.mock.mockito.ResetMocksTestExecutionListener@78fbff54, org.springframework.boot.test.autoconfigure.restdocs.RestDocsTestExecutionListener@3e10dc6, org.springframework.boot.test.autoconfigure.web.client.MockRestServiceServerResetTestExecutionListener@7e22550a, org.springframework.boot.test.autoconfigure.web.servlet.MockMvcPrintOnlyOnFailureTestExecutionListener@45e37a7e, org.springframework.boot.test.autoconfigure.web.servlet.WebDriverTestExecutionListener@62452cc9, org.springframework.boot.test.autoconfigure.webservices.client.MockWebServiceServerTestExecutionListener@6941827a]
20:50:59.129 [main] DEBUG org.springframework.test.context.support.AbstractDirtiesContextTestExecutionListener - Before test class: context [DefaultTestContext@3b7ff809 testClass = DrinkServiceTest, testInstance = [null], testMethod = [null], testException = [null], mergedContextConfiguration = [WebMergedContextConfiguration@1bb564e2 testClass = DrinkServiceTest, locations = '{}', classes = '{class com.jr.starbux.StarbuxApplication}', contextInitializerClasses = '[]', activeProfiles = '{}', propertySourceLocations = '{}', propertySourceProperties = '{org.springframework.boot.test.context.SpringBootTestContextBootstrapper=true}', contextCustomizers = set[org.springframework.boot.test.context.filter.ExcludeFilterContextCustomizer@4f704591, org.springframework.boot.test.json.DuplicateJsonObjectContextCustomizerFactory$DuplicateJsonObjectContextCustomizer@3ddc6915, org.springframework.boot.test.mock.mockito.MockitoContextCustomizer@0, org.springframework.boot.test.web.client.TestRestTemplateContextCustomizer@68034211, org.springframework.boot.test.autoconfigure.actuate.metrics.MetricsExportContextCustomizerFactory$DisableMetricExportContextCustomizer@5b3f61ff, org.springframework.boot.test.autoconfigure.properties.PropertyMappingContextCustomizer@0, org.springframework.boot.test.autoconfigure.web.servlet.WebDriverContextCustomizerFactory$Customizer@27adc16e, org.springframework.boot.test.context.SpringBootTestArgs@1, org.springframework.boot.test.context.SpringBootTestWebEnvironment@5ffead27], resourceBasePath = 'src/main/webapp', contextLoader = 'org.springframework.boot.test.context.SpringBootContextLoader', parent = [null]], attributes = map['org.springframework.test.context.web.ServletTestExecutionListener.activateListener' -> true]], class annotated with @DirtiesContext [false] with mode [null].
20:50:59.155 [main] DEBUG org.springframework.test.context.support.TestPropertySourceUtils - Adding inlined properties to environment: {spring.jmx.enabled=false, org.springframework.boot.test.context.SpringBootTestContextBootstrapper=true}

  .   ____          _            __ _ _
 /\\ / ___'_ __ _ _(_)_ __  __ _ \ \ \ \
( ( )\___ | '_ | '_| | '_ \/ _` | \ \ \ \
 \\/  ___)| |_)| | | | | || (_| |  ) ) ) )
  '  |____| .__|_| |_|_| |_\__, | / / / /
 =========|_|==============|___/=/_/_/_/
 :: Spring Boot ::                (v2.5.4)

2021-09-12 20:50:59.374  INFO 27472 --- [           main] com.jr.starbux.service.DrinkServiceTest  : Starting DrinkServiceTest using Java 15.0.2 on DESKTOP-UJR9GI0 with PID 27472 (started by Jeremy in C:\Users\Jeremy\Documents\GitHub\starbux)
2021-09-12 20:50:59.376  INFO 27472 --- [           main] com.jr.starbux.service.DrinkServiceTest  : No active profile set, falling back to default profiles: default
2021-09-12 20:51:00.087  INFO 27472 --- [           main] .s.d.r.c.RepositoryConfigurationDelegate : Bootstrapping Spring Data JPA repositories in DEFAULT mode.
2021-09-12 20:51:00.166  INFO 27472 --- [           main] .s.d.r.c.RepositoryConfigurationDelegate : Finished Spring Data repository scanning in 73 ms. Found 7 JPA repository interfaces.
2021-09-12 20:51:00.453  INFO 27472 --- [           main] trationDelegate$BeanPostProcessorChecker : Bean 'org.springframework.security.access.expression.method.DefaultMethodSecurityExpressionHandler@64518270' of type [org.springframework.security.access.expression.method.DefaultMethodSecurityExpressionHandler] is not eligible for getting processed by all BeanPostProcessors (for example: not eligible for auto-proxying)
2021-09-12 20:51:00.462  INFO 27472 --- [           main] trationDelegate$BeanPostProcessorChecker : Bean 'methodSecurityMetadataSource' of type [org.springframework.security.access.method.DelegatingMethodSecurityMetadataSource] is not eligible for getting processed by all BeanPostProcessors (for example: not eligible for auto-proxying)
2021-09-12 20:51:00.598  INFO 27472 --- [           main] o.f.c.internal.license.VersionPrinter    : Flyway Community Edition 7.7.3 by Redgate
2021-09-12 20:51:00.757  INFO 27472 --- [           main] o.f.c.i.database.base.DatabaseType       : Database: jdbc:mysql://localhost:3306/starbux_test (MySQL 5.5)
2021-09-12 20:51:00.816  INFO 27472 --- [           main] o.f.core.internal.command.DbValidate     : Successfully validated 2 migrations (execution time 00:00.020s)
2021-09-12 20:51:00.824  INFO 27472 --- [           main] o.f.core.internal.command.DbMigrate      : Current version of schema `starbux_test`: 2
2021-09-12 20:51:00.825  INFO 27472 --- [           main] o.f.core.internal.command.DbMigrate      : Schema `starbux_test` is up to date. No migration necessary.
2021-09-12 20:51:00.937  INFO 27472 --- [           main] o.hibernate.jpa.internal.util.LogHelper  : HHH000204: Processing PersistenceUnitInfo [name: default]
2021-09-12 20:51:00.991  INFO 27472 --- [           main] org.hibernate.Version                    : HHH000412: Hibernate ORM core version 5.4.32.Final
2021-09-12 20:51:01.112  INFO 27472 --- [           main] o.hibernate.annotations.common.Version   : HCANN000001: Hibernate Commons Annotations {5.1.2.Final}
2021-09-12 20:51:01.238  INFO 27472 --- [           main] com.zaxxer.hikari.HikariDataSource       : HikariPool-1 - Starting...
2021-09-12 20:51:01.250  INFO 27472 --- [           main] com.zaxxer.hikari.HikariDataSource       : HikariPool-1 - Start completed.
2021-09-12 20:51:01.262  INFO 27472 --- [           main] org.hibernate.dialect.Dialect            : HHH000400: Using dialect: org.hibernate.dialect.MySQL57Dialect
2021-09-12 20:51:01.873  INFO 27472 --- [           main] o.h.e.t.j.p.i.JtaPlatformInitiator       : HHH000490: Using JtaPlatform implementation: [org.hibernate.engine.transaction.jta.platform.internal.NoJtaPlatform]
2021-09-12 20:51:01.879  INFO 27472 --- [           main] j.LocalContainerEntityManagerFactoryBean : Initialized JPA EntityManagerFactory for persistence unit 'default'
2021-09-12 20:51:02.610  WARN 27472 --- [           main] JpaBaseConfiguration$JpaWebConfiguration : spring.jpa.open-in-view is enabled by default. Therefore, database queries may be performed during view rendering. Explicitly configure spring.jpa.open-in-view to disable this warning
2021-09-12 20:51:02.882  INFO 27472 --- [           main] o.s.s.web.DefaultSecurityFilterChain     : Will secure any request with [org.springframework.security.web.context.request.async.WebAsyncManagerIntegrationFilter@59f5a376, org.springframework.security.web.context.SecurityContextPersistenceFilter@330d557e, org.springframework.security.web.header.HeaderWriterFilter@b97f195, org.springframework.security.web.authentication.logout.LogoutFilter@153c69bc, com.jr.starbux.security.jwt.JwtAuthenticationTokenFilter@4ed492df, org.springframework.security.web.savedrequest.RequestCacheAwareFilter@623be2a0, org.springframework.security.web.servletapi.SecurityContextHolderAwareRequestFilter@62b2bc2e, org.springframework.security.web.authentication.AnonymousAuthenticationFilter@19c6e821, org.springframework.security.web.session.SessionManagementFilter@7da59f6e, org.springframework.security.web.access.ExceptionTranslationFilter@12a8d03b, org.springframework.security.web.access.intercept.FilterSecurityInterceptor@329a27ae]
2021-09-12 20:51:03.935  INFO 27472 --- [           main] com.jr.starbux.service.DrinkServiceTest  : Started DrinkServiceTest in 4.776 seconds (JVM running for 5.469)
Hibernate: select drink0_.id as id1_1_, drink0_.active as active2_1_, drink0_.name as name3_1_, drink0_.price as price4_1_ from drink drink0_ where drink0_.active=1 and drink0_.id=?
]]></system-out>
  </testcase>
  <testcase name="shouldReturnMoreThanOneDrink" classname="com.jr.starbux.service.DrinkServiceTest" time="0.015"/>
  <testcase name="shouldReturnSpecificDrink" classname="com.jr.starbux.service.DrinkServiceTest" time="0.005"/>
  <testcase name="shouldCreateDrink" classname="com.jr.starbux.service.DrinkServiceTest" time="0.042"/>
  <testcase name="shouldDeleteDrink" classname="com.jr.starbux.service.DrinkServiceTest" time="0.02"/>
</testsuite>